timestamp: 2017-01-27T20:42:26.082841
CREATE TABLE "auth_user"(
    "id" INTEGER PRIMARY KEY AUTOINCREMENT,
    "first_name" CHAR(128),
    "last_name" CHAR(128),
    "email" CHAR(512),
    "password" CHAR(512),
    "registration_key" CHAR(512),
    "reset_password_key" CHAR(512),
    "registration_id" CHAR(512)
);
success!
timestamp: 2017-01-27T20:42:26.098617
CREATE TABLE "auth_group"(
    "id" INTEGER PRIMARY KEY AUTOINCREMENT,
    "role" CHAR(512),
    "description" TEXT
);
success!
timestamp: 2017-01-27T20:42:26.109267
CREATE TABLE "auth_membership"(
    "id" INTEGER PRIMARY KEY AUTOINCREMENT,
    "user_id" INTEGER REFERENCES "auth_user" ("id") ON DELETE CASCADE  ,
    "group_id" INTEGER REFERENCES "auth_group" ("id") ON DELETE CASCADE  
);
success!
timestamp: 2017-01-27T20:42:26.119685
CREATE TABLE "auth_permission"(
    "id" INTEGER PRIMARY KEY AUTOINCREMENT,
    "group_id" INTEGER REFERENCES "auth_group" ("id") ON DELETE CASCADE  ,
    "name" CHAR(512),
    "table_name" CHAR(512),
    "record_id" INTEGER
);
success!
timestamp: 2017-01-27T20:42:26.131464
CREATE TABLE "auth_event"(
    "id" INTEGER PRIMARY KEY AUTOINCREMENT,
    "time_stamp" TIMESTAMP,
    "client_ip" CHAR(512),
    "user_id" INTEGER REFERENCES "auth_user" ("id") ON DELETE CASCADE  ,
    "origin" CHAR(512),
    "description" TEXT
);
success!
timestamp: 2017-01-27T20:42:26.143240
CREATE TABLE "auth_cas"(
    "id" INTEGER PRIMARY KEY AUTOINCREMENT,
    "user_id" INTEGER REFERENCES "auth_user" ("id") ON DELETE CASCADE  ,
    "created_on" TIMESTAMP,
    "service" CHAR(512),
    "ticket" CHAR(512),
    "renew" CHAR(1)
);
success!
timestamp: 2017-01-27T20:42:26.154165
CREATE TABLE "raffle"(
    "id" INTEGER PRIMARY KEY AUTOINCREMENT,
    "name" CHAR(512)
);
success!
timestamp: 2017-01-27T20:43:06.702238
CREATE TABLE "secret_key"(
    "id" INTEGER PRIMARY KEY AUTOINCREMENT,
    "secret_key" CHAR(512),
    "raffle" INTEGER REFERENCES "raffle" ("id") ON DELETE CASCADE  ,
    "redeemed" CHAR(1)
);
success!
timestamp: 2017-01-27T20:43:06.714335
CREATE TABLE "entry"(
    "id" INTEGER PRIMARY KEY AUTOINCREMENT,
    "secret_key" INTEGER REFERENCES "secret_key" ("id") ON DELETE CASCADE  ,
    "email" CHAR(512)
);
success!
timestamp: 2017-01-29T19:01:35.589688
ALTER TABLE "secret_key" ADD "tag" CHAR(512);
success!
success!
timestamp: 2017-01-29T20:28:23.551492
ALTER TABLE "entry" ADD "ip_address" CHAR(512);
timestamp: 2017-01-29T20:28:23.567061
ALTER TABLE "entry" ADD "browser_hash" CHAR(512);
success!
